# JRE version: Java(TM) SE Runtime Environment (8.0_91-b14) (build 1.8.0_91-b14)
# Java VM: Java HotSpot(TM) 64-Bit Server VM (25.91-b14 mixed mode linux-amd64 compressed oops)
Heap:
 PSYoungGen      total 119296K, used 10728K [0x00000000dc900000, 0x00000000e4a00000, 0x0000000100000000)
  eden space 108544K, 0% used [0x00000000dc900000,0x00000000dc900000,0x00000000e3300000)
  from space 10752K, 99% used [0x00000000e3300000,0x00000000e3d7a3f0,0x00000000e3d80000)
  to   space 8704K, 0% used [0x00000000e3d80000,0x00000000e3d80000,0x00000000e4600000)
 ParOldGen       total 73728K, used 15600K [0x0000000095a00000, 0x000000009a200000, 0x00000000dc900000)
  object space 73728K, 21% used [0x0000000095a00000,0x000000009693c048,0x000000009a200000)
 Metaspace       used 20612K, capacity 21122K, committed 21296K, reserved 1069056K
  class space    used 2453K, capacity 2599K, committed 2688K, reserved 1048576K
GC Heap History (10 events):
Event: 2,140 GC heap after
Heap after GC invocations=2 (full 0):
 PSYoungGen      total 32256K, used 4600K [0x00000000dc900000, 0x00000000e0800000, 0x0000000100000000)
  eden space 27648K, 0% used [0x00000000dc900000,0x00000000dc900000,0x00000000de400000)
  from space 4608K, 99% used [0x00000000de880000,0x00000000decfe148,0x00000000ded00000)
  to   space 4608K, 0% used [0x00000000de400000,0x00000000de400000,0x00000000de880000)
 ParOldGen       total 73728K, used 1181K [0x0000000095a00000, 0x000000009a200000, 0x00000000dc900000)
  object space 73728K, 1% used [0x0000000095a00000,0x0000000095b27420,0x000000009a200000)
 Metaspace       used 11590K, capacity 11840K, committed 12160K, reserved 1060864K
  class space    used 1454K, capacity 1555K, committed 1664K, reserved 1048576K
}
Event: 2,829 GC heap before
{Heap before GC invocations=3 (full 0):
 PSYoungGen      total 32256K, used 32248K [0x00000000dc900000, 0x00000000e0800000, 0x0000000100000000)
  eden space 27648K, 100% used [0x00000000dc900000,0x00000000de400000,0x00000000de400000)
  from space 4608K, 99% used [0x00000000de880000,0x00000000decfe148,0x00000000ded00000)
  to   space 4608K, 0% used [0x00000000de400000,0x00000000de400000,0x00000000de880000)
 ParOldGen       total 73728K, used 1181K [0x0000000095a00000, 0x000000009a200000, 0x00000000dc900000)
  object space 73728K, 1% used [0x0000000095a00000,0x0000000095b27420,0x000000009a200000)
 Metaspace       used 13274K, capacity 13648K, committed 13824K, reserved 1060864K
  class space    used 1618K, capacity 1730K, committed 1792K, reserved 1048576K
Event: 2,855 GC heap after
Heap after GC invocations=3 (full 0):
 PSYoungGen      total 32256K, used 4608K [0x00000000dc900000, 0x00000000e0800000, 0x0000000100000000)
  eden space 27648K, 0% used [0x00000000dc900000,0x00000000dc900000,0x00000000de400000)
  from space 4608K, 100% used [0x00000000de400000,0x00000000de880000,0x00000000de880000)
  to   space 4608K, 0% used [0x00000000e0380000,0x00000000e0380000,0x00000000e0800000)
 ParOldGen       total 73728K, used 2623K [0x0000000095a00000, 0x000000009a200000, 0x00000000dc900000)
  object space 73728K, 3% used [0x0000000095a00000,0x0000000095c8ff20,0x000000009a200000)
 Metaspace       used 13274K, capacity 13648K, committed 13824K, reserved 1060864K
  class space    used 1618K, capacity 1730K, committed 1792K, reserved 1048576K
}
Event: 3,454 GC heap before
{Heap before GC invocations=4 (full 0):
 PSYoungGen      total 32256K, used 32256K [0x00000000dc900000, 0x00000000e0800000, 0x0000000100000000)
  eden space 27648K, 100% used [0x00000000dc900000,0x00000000de400000,0x00000000de400000)
  from space 4608K, 100% used [0x00000000de400000,0x00000000de880000,0x00000000de880000)
  to   space 4608K, 0% used [0x00000000e0380000,0x00000000e0380000,0x00000000e0800000)
 ParOldGen       total 73728K, used 2623K [0x0000000095a00000, 0x000000009a200000, 0x00000000dc900000)
  object space 73728K, 3% used [0x0000000095a00000,0x0000000095c8ff20,0x000000009a200000)
 Metaspace       used 13862K, capacity 14342K, committed 14720K, reserved 1062912K
  class space    used 1691K, capacity 1807K, committed 1920K, reserved 1048576K
Event: 3,465 GC heap after
Heap after GC invocations=4 (full 0):
 PSYoungGen      total 59904K, used 4608K [0x00000000dc900000, 0x00000000e0800000, 0x0000000100000000)
  eden space 55296K, 0% used [0x00000000dc900000,0x00000000dc900000,0x00000000dff00000)
  from space 4608K, 100% used [0x00000000e0380000,0x00000000e0800000,0x00000000e0800000)
  to   space 4608K, 0% used [0x00000000dff00000,0x00000000dff00000,0x00000000e0380000)
 ParOldGen       total 73728K, used 4442K [0x0000000095a00000, 0x000000009a200000, 0x00000000dc900000)
  object space 73728K, 6% used [0x0000000095a00000,0x0000000095e569d0,0x000000009a200000)
 Metaspace       used 13862K, capacity 14342K, committed 14720K, reserved 1062912K
  class space    used 1691K, capacity 1807K, committed 1920K, reserved 1048576K
}
Event: 4,798 GC heap before
{Heap before GC invocations=5 (full 0):
 PSYoungGen      total 59904K, used 59904K [0x00000000dc900000, 0x00000000e0800000, 0x0000000100000000)
  eden space 55296K, 100% used [0x00000000dc900000,0x00000000dff00000,0x00000000dff00000)
  from space 4608K, 100% used [0x00000000e0380000,0x00000000e0800000,0x00000000e0800000)
  to   space 4608K, 0% used [0x00000000dff00000,0x00000000dff00000,0x00000000e0380000)
 ParOldGen       total 73728K, used 4442K [0x0000000095a00000, 0x000000009a200000, 0x00000000dc900000)
  object space 73728K, 6% used [0x0000000095a00000,0x0000000095e569d0,0x000000009a200000)
 Metaspace       used 16801K, capacity 17378K, committed 17664K, reserved 1064960K
  class space    used 2037K, capacity 2183K, committed 2304K, reserved 1048576K
Event: 4,827 GC heap after
Heap after GC invocations=5 (full 0):
 PSYoungGen      total 59904K, used 4576K [0x00000000dc900000, 0x00000000e4600000, 0x0000000100000000)
  eden space 55296K, 0% used [0x00000000dc900000,0x00000000dc900000,0x00000000dff00000)
  from space 4608K, 99% used [0x00000000dff00000,0x00000000e0378040,0x00000000e0380000)
  to   space 8704K, 0% used [0x00000000e3d80000,0x00000000e3d80000,0x00000000e4600000)
 ParOldGen       total 73728K, used 7600K [0x0000000095a00000, 0x000000009a200000, 0x00000000dc900000)
  object space 73728K, 10% used [0x0000000095a00000,0x000000009616c358,0x000000009a200000)
 Metaspace       used 16801K, capacity 17378K, committed 17664K, reserved 1064960K
  class space    used 2037K, capacity 2183K, committed 2304K, reserved 1048576K
}
Event: 6,374 GC heap before
{Heap before GC invocations=6 (full 0):
 PSYoungGen      total 59904K, used 59872K [0x00000000dc900000, 0x00000000e4600000, 0x0000000100000000)
  eden space 55296K, 100% used [0x00000000dc900000,0x00000000dff00000,0x00000000dff00000)
  from space 4608K, 99% used [0x00000000dff00000,0x00000000e0378040,0x00000000e0380000)
  to   space 8704K, 0% used [0x00000000e3d80000,0x00000000e3d80000,0x00000000e4600000)
 ParOldGen       total 73728K, used 7600K [0x0000000095a00000, 0x000000009a200000, 0x00000000dc900000)
  object space 73728K, 10% used [0x0000000095a00000,0x000000009616c358,0x000000009a200000)
 Metaspace       used 18913K, capacity 19490K, committed 19712K, reserved 1067008K
  class space    used 2288K, capacity 2439K, committed 2560K, reserved 1048576K
Event: 6,414 GC heap after
Heap after GC invocations=6 (full 0):
 PSYoungGen      total 117248K, used 8700K [0x00000000dc900000, 0x00000000e4a00000, 0x0000000100000000)
  eden space 108544K, 0% used [0x00000000dc900000,0x00000000dc900000,0x00000000e3300000)
  from space 8704K, 99% used [0x00000000e3d80000,0x00000000e45ff2d8,0x00000000e4600000)
  to   space 10752K, 0% used [0x00000000e3300000,0x00000000e3300000,0x00000000e3d80000)
 ParOldGen       total 73728K, used 9036K [0x0000000095a00000, 0x000000009a200000, 0x00000000dc900000)
  object space 73728K, 12% used [0x0000000095a00000,0x00000000962d30d8,0x000000009a200000)
 Metaspace       used 18913K, capacity 19490K, committed 19712K, reserved 1067008K
  class space    used 2288K, capacity 2439K, committed 2560K, reserved 1048576K
}
Event: 7,560 GC heap before
{Heap before GC invocations=7 (full 0):
 PSYoungGen      total 117248K, used 46464K [0x00000000dc900000, 0x00000000e4a00000, 0x0000000100000000)
  eden space 108544K, 34% used [0x00000000dc900000,0x00000000dede0db0,0x00000000e3300000)
  from space 8704K, 99% used [0x00000000e3d80000,0x00000000e45ff2d8,0x00000000e4600000)
  to   space 10752K, 0% used [0x00000000e3300000,0x00000000e3300000,0x00000000e3d80000)
 ParOldGen       total 73728K, used 9036K [0x0000000095a00000, 0x000000009a200000, 0x00000000dc900000)
  object space 73728K, 12% used [0x0000000095a00000,0x00000000962d30d8,0x000000009a200000)
 Metaspace       used 20612K, capacity 21122K, committed 21296K, reserved 1069056K
  class space    used 2453K, capacity 2599K, committed 2688K, reserved 1048576K

