# JRE version: Java(TM) SE Runtime Environment (8.0_91-b14) (build 1.8.0_91-b14)
# Java VM: Java HotSpot(TM) 64-Bit Server VM (25.91-b14 mixed mode linux-amd64 compressed oops)
Heap:
 PSYoungGen      total 59904K, used 4576K [0x00000000dc900000, 0x00000000e0800000, 0x0000000100000000)
  eden space 55296K, 0% used [0x00000000dc900000,0x00000000dc900000,0x00000000dff00000)
  from space 4608K, 99% used [0x00000000dff00000,0x00000000e0378020,0x00000000e0380000)
  to   space 4608K, 0% used [0x00000000e0380000,0x00000000e0380000,0x00000000e0800000)
 ParOldGen       total 73728K, used 4426K [0x0000000095a00000, 0x000000009a200000, 0x00000000dc900000)
  object space 73728K, 6% used [0x0000000095a00000,0x0000000095e52868,0x000000009a200000)
 Metaspace       used 13888K, capacity 14342K, committed 14464K, reserved 1062912K
  class space    used 1691K, capacity 1807K, committed 1920K, reserved 1048576K
GC Heap History (5 events):
Event: 1,654 GC heap before
{Heap before GC invocations=1 (full 0):
 PSYoungGen      total 32256K, used 27648K [0x00000000dc900000, 0x00000000ded00000, 0x0000000100000000)
  eden space 27648K, 100% used [0x00000000dc900000,0x00000000de400000,0x00000000de400000)
  from space 4608K, 0% used [0x00000000de880000,0x00000000de880000,0x00000000ded00000)
  to   space 4608K, 0% used [0x00000000de400000,0x00000000de400000,0x00000000de880000)
 ParOldGen       total 73728K, used 0K [0x0000000095a00000, 0x000000009a200000, 0x00000000dc900000)
  object space 73728K, 0% used [0x0000000095a00000,0x0000000095a00000,0x000000009a200000)
 Metaspace       used 7112K, capacity 7336K, committed 7424K, reserved 1056768K
  class space    used 890K, capacity 956K, committed 1024K, reserved 1048576K
Event: 1,673 GC heap after
Heap after GC invocations=1 (full 0):
 PSYoungGen      total 32256K, used 3986K [0x00000000dc900000, 0x00000000e0800000, 0x0000000100000000)
  eden space 27648K, 0% used [0x00000000dc900000,0x00000000dc900000,0x00000000de400000)
  from space 4608K, 86% used [0x00000000de400000,0x00000000de7e4b98,0x00000000de880000)
  to   space 4608K, 0% used [0x00000000e0380000,0x00000000e0380000,0x00000000e0800000)
 ParOldGen       total 73728K, used 8K [0x0000000095a00000, 0x000000009a200000, 0x00000000dc900000)
  object space 73728K, 0% used [0x0000000095a00000,0x0000000095a02000,0x000000009a200000)
 Metaspace       used 7112K, capacity 7336K, committed 7424K, reserved 1056768K
  class space    used 890K, capacity 956K, committed 1024K, reserved 1048576K
}
Event: 2,498 GC heap before
{Heap before GC invocations=2 (full 0):
 PSYoungGen      total 32256K, used 31634K [0x00000000dc900000, 0x00000000e0800000, 0x0000000100000000)
  eden space 27648K, 100% used [0x00000000dc900000,0x00000000de400000,0x00000000de400000)
  from space 4608K, 86% used [0x00000000de400000,0x00000000de7e4b98,0x00000000de880000)
  to   space 4608K, 0% used [0x00000000e0380000,0x00000000e0380000,0x00000000e0800000)
 ParOldGen       total 73728K, used 8K [0x0000000095a00000, 0x000000009a200000, 0x00000000dc900000)
  object space 73728K, 0% used [0x0000000095a00000,0x0000000095a02000,0x000000009a200000)
 Metaspace       used 11652K, capacity 11968K, committed 12160K, reserved 1060864K
  class space    used 1457K, capacity 1555K, committed 1664K, reserved 1048576K
Event: 2,524 GC heap after
Heap after GC invocations=2 (full 0):
 PSYoungGen      total 59904K, used 4585K [0x00000000dc900000, 0x00000000e0800000, 0x0000000100000000)
  eden space 55296K, 0% used [0x00000000dc900000,0x00000000dc900000,0x00000000dff00000)
  from space 4608K, 99% used [0x00000000e0380000,0x00000000e07fa688,0x00000000e0800000)
  to   space 4608K, 0% used [0x00000000dff00000,0x00000000dff00000,0x00000000e0380000)
 ParOldGen       total 73728K, used 1273K [0x0000000095a00000, 0x000000009a200000, 0x00000000dc900000)
  object space 73728K, 1% used [0x0000000095a00000,0x0000000095b3e798,0x000000009a200000)
 Metaspace       used 11652K, capacity 11968K, committed 12160K, reserved 1060864K
  class space    used 1457K, capacity 1555K, committed 1664K, reserved 1048576K
}
Event: 6,277 GC heap before
{Heap before GC invocations=3 (full 0):
 PSYoungGen      total 59904K, used 59881K [0x00000000dc900000, 0x00000000e0800000, 0x0000000100000000)
  eden space 55296K, 100% used [0x00000000dc900000,0x00000000dff00000,0x00000000dff00000)
  from space 4608K, 99% used [0x00000000e0380000,0x00000000e07fa688,0x00000000e0800000)
  to   space 4608K, 0% used [0x00000000dff00000,0x00000000dff00000,0x00000000e0380000)
 ParOldGen       total 73728K, used 1273K [0x0000000095a00000, 0x000000009a200000, 0x00000000dc900000)
  object space 73728K, 1% used [0x0000000095a00000,0x0000000095b3e798,0x000000009a200000)
 Metaspace       used 13888K, capacity 14342K, committed 14464K, reserved 1062912K
  class space    used 1691K, capacity 1807K, committed 1920K, reserved 1048576K

