# JRE version: Java(TM) SE Runtime Environment (8.0_91-b14) (build 1.8.0_91-b14)
# Java VM: Java HotSpot(TM) 64-Bit Server VM (25.91-b14 mixed mode linux-amd64 compressed oops)
Heap:
 PSYoungGen      total 59904K, used 4592K [0x00000000dc900000, 0x00000000e0800000, 0x0000000100000000)
  eden space 55296K, 0% used [0x00000000dc900000,0x00000000dc900000,0x00000000dff00000)
  from space 4608K, 99% used [0x00000000dff00000,0x00000000e037c010,0x00000000e0380000)
  to   space 4608K, 0% used [0x00000000e0380000,0x00000000e0380000,0x00000000e0800000)
 ParOldGen       total 73728K, used 7163K [0x0000000095a00000, 0x000000009a200000, 0x00000000dc900000)
  object space 73728K, 9% used [0x0000000095a00000,0x00000000960fee60,0x000000009a200000)
 Metaspace       used 15863K, capacity 16424K, committed 16768K, reserved 1064960K
  class space    used 1908K, capacity 2056K, committed 2176K, reserved 1048576K
GC Heap History (9 events):
Event: 2,618 GC heap before
{Heap before GC invocations=1 (full 0):
 PSYoungGen      total 32256K, used 27648K [0x00000000dc900000, 0x00000000ded00000, 0x0000000100000000)
  eden space 27648K, 100% used [0x00000000dc900000,0x00000000de400000,0x00000000de400000)
  from space 4608K, 0% used [0x00000000de880000,0x00000000de880000,0x00000000ded00000)
  to   space 4608K, 0% used [0x00000000de400000,0x00000000de400000,0x00000000de880000)
 ParOldGen       total 73728K, used 0K [0x0000000095a00000, 0x000000009a200000, 0x00000000dc900000)
  object space 73728K, 0% used [0x0000000095a00000,0x0000000095a00000,0x000000009a200000)
 Metaspace       used 7085K, capacity 7272K, committed 7424K, reserved 1056768K
  class space    used 890K, capacity 956K, committed 1024K, reserved 1048576K
Event: 2,628 GC heap after
Heap after GC invocations=1 (full 0):
 PSYoungGen      total 32256K, used 3954K [0x00000000dc900000, 0x00000000ded00000, 0x0000000100000000)
  eden space 27648K, 0% used [0x00000000dc900000,0x00000000dc900000,0x00000000de400000)
  from space 4608K, 85% used [0x00000000de400000,0x00000000de7dcb98,0x00000000de880000)
  to   space 4608K, 0% used [0x00000000de880000,0x00000000de880000,0x00000000ded00000)
 ParOldGen       total 73728K, used 8K [0x0000000095a00000, 0x000000009a200000, 0x00000000dc900000)
  object space 73728K, 0% used [0x0000000095a00000,0x0000000095a02000,0x000000009a200000)
 Metaspace       used 7085K, capacity 7272K, committed 7424K, reserved 1056768K
  class space    used 890K, capacity 956K, committed 1024K, reserved 1048576K
}
Event: 3,775 GC heap before
{Heap before GC invocations=2 (full 0):
 PSYoungGen      total 32256K, used 31602K [0x00000000dc900000, 0x00000000ded00000, 0x0000000100000000)
  eden space 27648K, 100% used [0x00000000dc900000,0x00000000de400000,0x00000000de400000)
  from space 4608K, 85% used [0x00000000de400000,0x00000000de7dcb98,0x00000000de880000)
  to   space 4608K, 0% used [0x00000000de880000,0x00000000de880000,0x00000000ded00000)
 ParOldGen       total 73728K, used 8K [0x0000000095a00000, 0x000000009a200000, 0x00000000dc900000)
  object space 73728K, 0% used [0x0000000095a00000,0x0000000095a02000,0x000000009a200000)
 Metaspace       used 11599K, capacity 11904K, committed 12160K, reserved 1060864K
  class space    used 1451K, capacity 1555K, committed 1664K, reserved 1048576K
Event: 3,792 GC heap after
Heap after GC invocations=2 (full 0):
 PSYoungGen      total 32256K, used 4580K [0x00000000dc900000, 0x00000000ded00000, 0x0000000100000000)
  eden space 27648K, 0% used [0x00000000dc900000,0x00000000dc900000,0x00000000de400000)
  from space 4608K, 99% used [0x00000000de880000,0x00000000decf93f0,0x00000000ded00000)
  to   space 4608K, 0% used [0x00000000de400000,0x00000000de400000,0x00000000de880000)
 ParOldGen       total 73728K, used 1204K [0x0000000095a00000, 0x000000009a200000, 0x00000000dc900000)
  object space 73728K, 1% used [0x0000000095a00000,0x0000000095b2d0c0,0x000000009a200000)
 Metaspace       used 11599K, capacity 11904K, committed 12160K, reserved 1060864K
  class space    used 1451K, capacity 1555K, committed 1664K, reserved 1048576K
}
Event: 4,948 GC heap before
{Heap before GC invocations=3 (full 0):
 PSYoungGen      total 32256K, used 32228K [0x00000000dc900000, 0x00000000ded00000, 0x0000000100000000)
  eden space 27648K, 100% used [0x00000000dc900000,0x00000000de400000,0x00000000de400000)
  from space 4608K, 99% used [0x00000000de880000,0x00000000decf93f0,0x00000000ded00000)
  to   space 4608K, 0% used [0x00000000de400000,0x00000000de400000,0x00000000de880000)
 ParOldGen       total 73728K, used 1204K [0x0000000095a00000, 0x000000009a200000, 0x00000000dc900000)
  object space 73728K, 1% used [0x0000000095a00000,0x0000000095b2d0c0,0x000000009a200000)
 Metaspace       used 13288K, capacity 13616K, committed 13824K, reserved 1060864K
  class space    used 1617K, capacity 1698K, committed 1792K, reserved 1048576K
Event: 4,969 GC heap after
Heap after GC invocations=3 (full 0):
 PSYoungGen      total 32256K, used 4608K [0x00000000dc900000, 0x00000000e0800000, 0x0000000100000000)
  eden space 27648K, 0% used [0x00000000dc900000,0x00000000dc900000,0x00000000de400000)
  from space 4608K, 100% used [0x00000000de400000,0x00000000de880000,0x00000000de880000)
  to   space 4608K, 0% used [0x00000000e0380000,0x00000000e0380000,0x00000000e0800000)
 ParOldGen       total 73728K, used 2665K [0x0000000095a00000, 0x000000009a200000, 0x00000000dc900000)
  object space 73728K, 3% used [0x0000000095a00000,0x0000000095c9a648,0x000000009a200000)
 Metaspace       used 13288K, capacity 13616K, committed 13824K, reserved 1060864K
  class space    used 1617K, capacity 1698K, committed 1792K, reserved 1048576K
}
Event: 7,281 GC heap before
{Heap before GC invocations=4 (full 0):
 PSYoungGen      total 32256K, used 32256K [0x00000000dc900000, 0x00000000e0800000, 0x0000000100000000)
  eden space 27648K, 100% used [0x00000000dc900000,0x00000000de400000,0x00000000de400000)
  from space 4608K, 100% used [0x00000000de400000,0x00000000de880000,0x00000000de880000)
  to   space 4608K, 0% used [0x00000000e0380000,0x00000000e0380000,0x00000000e0800000)
 ParOldGen       total 73728K, used 2665K [0x0000000095a00000, 0x000000009a200000, 0x00000000dc900000)
  object space 73728K, 3% used [0x0000000095a00000,0x0000000095c9a648,0x000000009a200000)
 Metaspace       used 13901K, capacity 14342K, committed 14720K, reserved 1062912K
  class space    used 1690K, capacity 1807K, committed 1920K, reserved 1048576K
Event: 7,300 GC heap after
Heap after GC invocations=4 (full 0):
 PSYoungGen      total 59904K, used 4576K [0x00000000dc900000, 0x00000000e0800000, 0x0000000100000000)
  eden space 55296K, 0% used [0x00000000dc900000,0x00000000dc900000,0x00000000dff00000)
  from space 4608K, 99% used [0x00000000e0380000,0x00000000e07f8020,0x00000000e0800000)
  to   space 4608K, 0% used [0x00000000dff00000,0x00000000dff00000,0x00000000e0380000)
 ParOldGen       total 73728K, used 4446K [0x0000000095a00000, 0x000000009a200000, 0x00000000dc900000)
  object space 73728K, 6% used [0x0000000095a00000,0x0000000095e57a98,0x000000009a200000)
 Metaspace       used 13901K, capacity 14342K, committed 14720K, reserved 1062912K
  class space    used 1690K, capacity 1807K, committed 1920K, reserved 1048576K
}
Event: 26,263 GC heap before
{Heap before GC invocations=5 (full 0):
 PSYoungGen      total 59904K, used 59872K [0x00000000dc900000, 0x00000000e0800000, 0x0000000100000000)
  eden space 55296K, 100% used [0x00000000dc900000,0x00000000dff00000,0x00000000dff00000)
  from space 4608K, 99% used [0x00000000e0380000,0x00000000e07f8020,0x00000000e0800000)
  to   space 4608K, 0% used [0x00000000dff00000,0x00000000dff00000,0x00000000e0380000)
 ParOldGen       total 73728K, used 4446K [0x0000000095a00000, 0x000000009a200000, 0x00000000dc900000)
  object space 73728K, 6% used [0x0000000095a00000,0x0000000095e57a98,0x000000009a200000)
 Metaspace       used 15863K, capacity 16424K, committed 16768K, reserved 1064960K
  class space    used 1908K, capacity 2056K, committed 2176K, reserved 1048576K

